# JRE version: OpenJDK Runtime Environment (21.0.3) (build 21.0.3+-12282718-b509.11)
# Java VM: OpenJDK 64-Bit Server VM (21.0.3+-12282718-b509.11, mixed mode, tiered, compressed oops, compressed class ptrs, g1 gc, windows-amd64)
GC Precious Log:
 CardTable entry size: 512
 Card Set container configuration: InlinePtr #cards 5 size 8 Array Of Cards #cards 12 size 40 Howl #buckets 4 coarsen threshold 1843 Howl Bitmap #cards 512 size 80 coarsen threshold 460 Card regions per heap region 1 cards per card region 2048
 CPUs: 12 total, 12 available
 Memory: 32716M
 Large Page Support: Disabled
 NUMA Support: Disabled
 Compressed Oops: Enabled (32-bit)
 Heap Region Size: 1M
 Heap Min Capacity: 8M
 Heap Initial Capacity: 512M
 Heap Max Capacity: 2G
 Pre-touch: Disabled
 Parallel Workers: 10
 Concurrent Workers: 3
 Concurrent Refinement Workers: 10
 Periodic GC: Disabled
Heap:
 garbage-first heap   total 440320K, used 398536K [0x0000000080000000, 0x0000000100000000)
  region size 1024K, 162 young (165888K), 13 survivors (13312K)
 Metaspace       used 217856K, committed 220736K, reserved 1245184K
  class space    used 27804K, committed 29248K, reserved 1048576K
GC Heap History (20 events):
Event: 18.225 GC heap after
{Heap after GC invocations=41 (full 0):
 garbage-first heap   total 398336K, used 229506K [0x0000000080000000, 0x0000000100000000)
  region size 1024K, 9 young (9216K), 9 survivors (9216K)
 Metaspace       used 185131K, committed 187840K, reserved 1245184K
  class space    used 23814K, committed 25152K, reserved 1048576K
}
Event: 18.945 GC heap before
{Heap before GC invocations=41 (full 0):
 garbage-first heap   total 398336K, used 364674K [0x0000000080000000, 0x0000000100000000)
  region size 1024K, 141 young (144384K), 9 survivors (9216K)
 Metaspace       used 185131K, committed 187840K, reserved 1245184K
  class space    used 23814K, committed 25152K, reserved 1048576K
}
Event: 18.952 GC heap after
{Heap after GC invocations=42 (full 0):
 garbage-first heap   total 398336K, used 224836K [0x0000000080000000, 0x0000000100000000)
  region size 1024K, 13 young (13312K), 13 survivors (13312K)
 Metaspace       used 185131K, committed 187840K, reserved 1245184K
  class space    used 23814K, committed 25152K, reserved 1048576K
}
Event: 19.489 GC heap before
{Heap before GC invocations=42 (full 0):
 garbage-first heap   total 398336K, used 363076K [0x0000000080000000, 0x0000000100000000)
  region size 1024K, 148 young (151552K), 13 survivors (13312K)
 Metaspace       used 185131K, committed 187840K, reserved 1245184K
  class space    used 23814K, committed 25152K, reserved 1048576K
}
Event: 19.496 GC heap after
{Heap after GC invocations=43 (full 0):
 garbage-first heap   total 398336K, used 228790K [0x0000000080000000, 0x0000000100000000)
  region size 1024K, 14 young (14336K), 14 survivors (14336K)
 Metaspace       used 185131K, committed 187840K, reserved 1245184K
  class space    used 23814K, committed 25152K, reserved 1048576K
}
Event: 19.927 GC heap before
{Heap before GC invocations=44 (full 0):
 garbage-first heap   total 430080K, used 361910K [0x0000000080000000, 0x0000000100000000)
  region size 1024K, 144 young (147456K), 14 survivors (14336K)
 Metaspace       used 185131K, committed 187840K, reserved 1245184K
  class space    used 23814K, committed 25152K, reserved 1048576K
}
Event: 19.934 GC heap after
{Heap after GC invocations=45 (full 0):
 garbage-first heap   total 430080K, used 232098K [0x0000000080000000, 0x0000000100000000)
  region size 1024K, 11 young (11264K), 11 survivors (11264K)
 Metaspace       used 185131K, committed 187840K, reserved 1245184K
  class space    used 23814K, committed 25152K, reserved 1048576K
}
Event: 20.641 GC heap before
{Heap before GC invocations=45 (full 0):
 garbage-first heap   total 430080K, used 402082K [0x0000000080000000, 0x0000000100000000)
  region size 1024K, 168 young (172032K), 11 survivors (11264K)
 Metaspace       used 190849K, committed 193536K, reserved 1245184K
  class space    used 24553K, committed 25920K, reserved 1048576K
}
Event: 20.648 GC heap after
{Heap after GC invocations=46 (full 0):
 garbage-first heap   total 430080K, used 231044K [0x0000000080000000, 0x0000000100000000)
  region size 1024K, 15 young (15360K), 15 survivors (15360K)
 Metaspace       used 190849K, committed 193536K, reserved 1245184K
  class space    used 24553K, committed 25920K, reserved 1048576K
}
Event: 21.374 GC heap before
{Heap before GC invocations=46 (full 0):
 garbage-first heap   total 430080K, used 323204K [0x0000000080000000, 0x0000000100000000)
  region size 1024K, 107 young (109568K), 15 survivors (15360K)
 Metaspace       used 199456K, committed 202240K, reserved 1245184K
  class space    used 25729K, committed 27136K, reserved 1048576K
}
Event: 21.380 GC heap after
{Heap after GC invocations=47 (full 0):
 garbage-first heap   total 430080K, used 234910K [0x0000000080000000, 0x0000000100000000)
  region size 1024K, 15 young (15360K), 15 survivors (15360K)
 Metaspace       used 199456K, committed 202240K, reserved 1245184K
  class space    used 25729K, committed 27136K, reserved 1048576K
}
Event: 21.795 GC heap before
{Heap before GC invocations=48 (full 0):
 garbage-first heap   total 440320K, used 395678K [0x0000000080000000, 0x0000000100000000)
  region size 1024K, 168 young (172032K), 15 survivors (15360K)
 Metaspace       used 199843K, committed 202624K, reserved 1245184K
  class space    used 25771K, committed 27200K, reserved 1048576K
}
Event: 21.802 GC heap after
{Heap after GC invocations=49 (full 0):
 garbage-first heap   total 440320K, used 240428K [0x0000000080000000, 0x0000000100000000)
  region size 1024K, 15 young (15360K), 15 survivors (15360K)
 Metaspace       used 199843K, committed 202624K, reserved 1245184K
  class space    used 25771K, committed 27200K, reserved 1048576K
}
Event: 22.343 GC heap before
{Heap before GC invocations=49 (full 0):
 garbage-first heap   total 440320K, used 401196K [0x0000000080000000, 0x0000000100000000)
  region size 1024K, 172 young (176128K), 15 survivors (15360K)
 Metaspace       used 199962K, committed 202752K, reserved 1245184K
  class space    used 25771K, committed 27200K, reserved 1048576K
}
Event: 22.356 GC heap after
{Heap after GC invocations=50 (full 0):
 garbage-first heap   total 440320K, used 238280K [0x0000000080000000, 0x0000000100000000)
  region size 1024K, 8 young (8192K), 8 survivors (8192K)
 Metaspace       used 199962K, committed 202752K, reserved 1245184K
  class space    used 25771K, committed 27200K, reserved 1048576K
}
Event: 22.729 GC heap before
{Heap before GC invocations=50 (full 0):
 garbage-first heap   total 440320K, used 336584K [0x0000000080000000, 0x0000000100000000)
  region size 1024K, 106 young (108544K), 8 survivors (8192K)
 Metaspace       used 202136K, committed 204864K, reserved 1245184K
  class space    used 25993K, committed 27392K, reserved 1048576K
}
Event: 22.734 GC heap after
{Heap after GC invocations=51 (full 0):
 garbage-first heap   total 440320K, used 233844K [0x0000000080000000, 0x0000000100000000)
  region size 1024K, 6 young (6144K), 6 survivors (6144K)
 Metaspace       used 202136K, committed 204864K, reserved 1245184K
  class space    used 25993K, committed 27392K, reserved 1048576K
}
Event: 26.182 GC heap before
{Heap before GC invocations=52 (full 0):
 garbage-first heap   total 440320K, used 415092K [0x0000000080000000, 0x0000000100000000)
  region size 1024K, 179 young (183296K), 6 survivors (6144K)
 Metaspace       used 211666K, committed 214464K, reserved 1245184K
  class space    used 27030K, committed 28480K, reserved 1048576K
}
Event: 26.193 GC heap after
{Heap after GC invocations=53 (full 0):
 garbage-first heap   total 440320K, used 245960K [0x0000000080000000, 0x0000000100000000)
  region size 1024K, 18 young (18432K), 18 survivors (18432K)
 Metaspace       used 211666K, committed 214464K, reserved 1245184K
  class space    used 27030K, committed 28480K, reserved 1048576K
}
Event: 86.826 GC heap before
{Heap before GC invocations=53 (full 0):
 garbage-first heap   total 440320K, used 397512K [0x0000000080000000, 0x0000000100000000)
  region size 1024K, 167 young (171008K), 18 survivors (18432K)
 Metaspace       used 217856K, committed 220736K, reserved 1245184K
  class space    used 27804K, committed 29248K, reserved 1048576K
}

